android/app/UnityExport/temp/launcher/build/intermediates/manifest_merge_blame_file/debug/manifest-merger-blame-debug-report.txt
1<?xml version="1.0" encoding="utf-8"?>
2<manifest xmlns:android="http://schemas.android.com/apk/res/android"
3    package="com.example.rockpaperscissors"
4    android:installLocation="preferExternal"
5    android:versionCode="1"
6    android:versionName="1.0" >
7
8    <uses-sdk
9        android:minSdkVersion="34"
9-->src/main/AndroidManifest.xml
10        android:targetSdkVersion="35" />
10-->src/main/AndroidManifest.xml
11
12    <supports-screens
12-->src/main/AndroidManifest.xml:4:3-163
13        android:anyDensity="true"
13-->src/main/AndroidManifest.xml:4:135-160
14        android:largeScreens="true"
14-->src/main/AndroidManifest.xml:4:78-105
15        android:normalScreens="true"
15-->src/main/AndroidManifest.xml:4:49-77
16        android:smallScreens="true"
16-->src/main/AndroidManifest.xml:4:21-48
17        android:xlargeScreens="true" />
17-->src/main/AndroidManifest.xml:4:106-134
18
19    <uses-permission android:name="android.permission.INTERNET" />
19-->[:unityLibrary] AndroidManifest.xml:8:5-67
19-->[:unityLibrary] AndroidManifest.xml:8:22-64
20
21    <uses-feature android:glEsVersion="0x00030000" />
21-->[:unityLibrary] AndroidManifest.xml:10:5-54
21-->[:unityLibrary] AndroidManifest.xml:10:19-51
22    <uses-feature
22-->[:unityLibrary] AndroidManifest.xml:11:5-13:36
23        android:name="android.hardware.vulkan.version"
23-->[:unityLibrary] AndroidManifest.xml:12:9-55
24        android:required="false" />
24-->[:unityLibrary] AndroidManifest.xml:13:9-33
25    <uses-feature
25-->[:unityLibrary] AndroidManifest.xml:14:5-16:36
26        android:name="android.hardware.touchscreen"
26-->[:unityLibrary] AndroidManifest.xml:15:9-52
27        android:required="false" />
27-->[:unityLibrary] AndroidManifest.xml:16:9-33
28    <uses-feature
28-->[:unityLibrary] AndroidManifest.xml:17:5-19:36
29        android:name="android.hardware.touchscreen.multitouch"
29-->[:unityLibrary] AndroidManifest.xml:18:9-63
30        android:required="false" />
30-->[:unityLibrary] AndroidManifest.xml:19:9-33
31    <uses-feature
31-->[:unityLibrary] AndroidManifest.xml:20:5-22:36
32        android:name="android.hardware.touchscreen.multitouch.distinct"
32-->[:unityLibrary] AndroidManifest.xml:21:9-72
33        android:required="false" />
33-->[:unityLibrary] AndroidManifest.xml:22:9-33
34
35    <uses-permission android:name="android.permission.ACCESS_NETWORK_STATE" />
35-->[:UnityAds:] AndroidManifest.xml:9:5-79
35-->[:UnityAds:] AndroidManifest.xml:9:22-76
36    <uses-permission android:name="com.google.android.gms.permission.AD_ID" />
36-->[:UnityAds:] AndroidManifest.xml:11:5-79
36-->[:UnityAds:] AndroidManifest.xml:11:22-76
37    <uses-permission android:name="com.android.vending.BILLING" />
37-->[:billing-5.2.1:] AndroidManifest.xml:10:5-67
37-->[:billing-5.2.1:] AndroidManifest.xml:10:22-64
38    <!--
39    This has been added to conform with requirement from Android 11 (API level 30) onwards
40    (http://screen/9iGdBMRWDmVbRJ6), after getting confirmation in http://yaqs/995038231927980032#a1
41    -->
42    <queries>
42-->[:billing-5.2.1:] AndroidManifest.xml:16:5-20:15
43        <intent>
43-->[:billing-5.2.1:] AndroidManifest.xml:17:9-19:18
44            <action android:name="com.android.vending.billing.InAppBillingService.BIND" />
44-->[:billing-5.2.1:] AndroidManifest.xml:18:13-91
44-->[:billing-5.2.1:] AndroidManifest.xml:18:21-88
45        </intent>
46    </queries>
47
48    <application
48-->src/main/AndroidManifest.xml:3:3-83
49        android:debuggable="true"
50        android:extractNativeLibs="true"
50-->[:unityLibrary] AndroidManifest.xml:24:18-50
51        android:icon="@mipmap/app_icon"
51-->src/main/AndroidManifest.xml:3:49-80
52        android:label="@string/app_name" >
52-->src/main/AndroidManifest.xml:3:16-48
53        <meta-data
53-->[:unityLibrary] AndroidManifest.xml:25:9-27:33
54            android:name="unity.splash-mode"
54-->[:unityLibrary] AndroidManifest.xml:26:13-45
55            android:value="0" />
55-->[:unityLibrary] AndroidManifest.xml:27:13-30
56        <meta-data
56-->[:unityLibrary] AndroidManifest.xml:28:9-30:36
57            android:name="unity.splash-enable"
57-->[:unityLibrary] AndroidManifest.xml:29:13-47
58            android:value="True" />
58-->[:unityLibrary] AndroidManifest.xml:30:13-33
59        <meta-data
59-->[:unityLibrary] AndroidManifest.xml:31:9-33:36
60            android:name="unity.launch-fullscreen"
60-->[:unityLibrary] AndroidManifest.xml:32:13-51
61            android:value="True" />
61-->[:unityLibrary] AndroidManifest.xml:33:13-33
62        <meta-data
62-->[:unityLibrary] AndroidManifest.xml:34:9-36:36
63            android:name="unity.render-outside-safearea"
63-->[:unityLibrary] AndroidManifest.xml:35:13-57
64            android:value="True" />
64-->[:unityLibrary] AndroidManifest.xml:36:13-33
65        <meta-data
65-->[:unityLibrary] AndroidManifest.xml:37:9-39:50
66            android:name="notch.config"
66-->[:unityLibrary] AndroidManifest.xml:38:13-40
67            android:value="portrait|landscape" />
67-->[:unityLibrary] AndroidManifest.xml:39:13-47
68        <meta-data
68-->[:unityLibrary] AndroidManifest.xml:40:9-42:36
69            android:name="unity.auto-report-fully-drawn"
69-->[:unityLibrary] AndroidManifest.xml:41:13-57
70            android:value="true" />
70-->[:unityLibrary] AndroidManifest.xml:42:13-33
71
72        <activity
72-->[:unityLibrary] AndroidManifest.xml:44:9-65:20
73            android:name="com.unity3d.player.UnityPlayerActivity"
73-->[:unityLibrary] AndroidManifest.xml:45:13-66
74            android:configChanges="mcc|mnc|locale|touchscreen|keyboard|keyboardHidden|navigation|orientation|screenLayout|uiMode|screenSize|smallestScreenSize|fontScale|layoutDirection|density"
74-->[:unityLibrary] AndroidManifest.xml:46:13-194
75            android:exported="true"
75-->[:unityLibrary] AndroidManifest.xml:47:13-36
76            android:hardwareAccelerated="false"
76-->[:unityLibrary] AndroidManifest.xml:48:13-48
77            android:launchMode="singleTask"
77-->[:unityLibrary] AndroidManifest.xml:49:13-44
78            android:resizeableActivity="false"
78-->[:unityLibrary] AndroidManifest.xml:50:13-47
79            android:screenOrientation="fullUser"
79-->[:unityLibrary] AndroidManifest.xml:51:13-49
80            android:theme="@style/UnityThemeSelector" >
80-->[:unityLibrary] AndroidManifest.xml:52:13-54
81            <intent-filter>
81-->[:unityLibrary] AndroidManifest.xml:53:13-57:29
82                <category android:name="android.intent.category.LAUNCHER" />
82-->[:unityLibrary] AndroidManifest.xml:54:17-77
82-->[:unityLibrary] AndroidManifest.xml:54:27-74
83
84                <action android:name="android.intent.action.MAIN" />
84-->[:unityLibrary] AndroidManifest.xml:56:17-69
84-->[:unityLibrary] AndroidManifest.xml:56:25-66
85            </intent-filter>
86
87            <meta-data
87-->[:unityLibrary] AndroidManifest.xml:59:13-61:40
88                android:name="unityplayer.UnityActivity"
88-->[:unityLibrary] AndroidManifest.xml:60:17-57
89                android:value="true" />
89-->[:unityLibrary] AndroidManifest.xml:61:17-37
90            <meta-data
90-->[:unityLibrary] AndroidManifest.xml:62:13-64:40
91                android:name="notch_support"
91-->[:unityLibrary] AndroidManifest.xml:63:17-45
92                android:value="true" />
92-->[:unityLibrary] AndroidManifest.xml:64:17-37
93        </activity>
94        <activity
94-->[:UnityAds:] AndroidManifest.xml:14:9-18:74
95            android:name="com.unity3d.services.ads.adunit.AdUnitActivity"
95-->[:UnityAds:] AndroidManifest.xml:15:13-74
96            android:configChanges="fontScale|keyboard|keyboardHidden|locale|mnc|mcc|navigation|orientation|screenLayout|screenSize|smallestScreenSize|uiMode|touchscreen"
96-->[:UnityAds:] AndroidManifest.xml:16:13-170
97            android:hardwareAccelerated="true"
97-->[:UnityAds:] AndroidManifest.xml:17:13-47
98            android:theme="@android:style/Theme.NoTitleBar.Fullscreen" />
98-->[:UnityAds:] AndroidManifest.xml:18:13-71
99        <activity
99-->[:UnityAds:] AndroidManifest.xml:19:9-23:86
100            android:name="com.unity3d.services.ads.adunit.AdUnitTransparentActivity"
100-->[:UnityAds:] AndroidManifest.xml:20:13-85
101            android:configChanges="fontScale|keyboard|keyboardHidden|locale|mnc|mcc|navigation|orientation|screenLayout|screenSize|smallestScreenSize|uiMode|touchscreen"
101-->[:UnityAds:] AndroidManifest.xml:21:13-170
102            android:hardwareAccelerated="true"
102-->[:UnityAds:] AndroidManifest.xml:22:13-47
103            android:theme="@android:style/Theme.Translucent.NoTitleBar.Fullscreen" />
103-->[:UnityAds:] AndroidManifest.xml:23:13-83
104        <activity
104-->[:UnityAds:] AndroidManifest.xml:24:9-28:86
105            android:name="com.unity3d.services.ads.adunit.AdUnitTransparentSoftwareActivity"
105-->[:UnityAds:] AndroidManifest.xml:25:13-93
106            android:configChanges="fontScale|keyboard|keyboardHidden|locale|mnc|mcc|navigation|orientation|screenLayout|screenSize|smallestScreenSize|uiMode|touchscreen"
106-->[:UnityAds:] AndroidManifest.xml:26:13-170
107            android:hardwareAccelerated="false"
107-->[:UnityAds:] AndroidManifest.xml:27:13-48
108            android:theme="@android:style/Theme.Translucent.NoTitleBar.Fullscreen" />
108-->[:UnityAds:] AndroidManifest.xml:28:13-83
109        <activity
109-->[:UnityAds:] AndroidManifest.xml:29:9-33:74
110            android:name="com.unity3d.services.ads.adunit.AdUnitSoftwareActivity"
110-->[:UnityAds:] AndroidManifest.xml:30:13-82
111            android:configChanges="fontScale|keyboard|keyboardHidden|locale|mnc|mcc|navigation|orientation|screenLayout|screenSize|smallestScreenSize|uiMode|touchscreen"
111-->[:UnityAds:] AndroidManifest.xml:31:13-170
112            android:hardwareAccelerated="false"
112-->[:UnityAds:] AndroidManifest.xml:32:13-48
113            android:theme="@android:style/Theme.NoTitleBar.Fullscreen" />
113-->[:UnityAds:] AndroidManifest.xml:33:13-71
114
115        <meta-data
115-->[:billing-5.2.1:] AndroidManifest.xml:23:9-25:37
116            android:name="com.google.android.play.billingclient.version"
116-->[:billing-5.2.1:] AndroidManifest.xml:24:13-73
117            android:value="5.2.1" />
117-->[:billing-5.2.1:] AndroidManifest.xml:25:13-34
118
119        <activity
119-->[:billing-5.2.1:] AndroidManifest.xml:27:9-31:75
120            android:name="com.android.billingclient.api.ProxyBillingActivity"
120-->[:billing-5.2.1:] AndroidManifest.xml:28:13-78
121            android:configChanges="keyboard|keyboardHidden|screenLayout|screenSize|orientation"
121-->[:billing-5.2.1:] AndroidManifest.xml:29:13-96
122            android:exported="false"
122-->[:billing-5.2.1:] AndroidManifest.xml:30:13-37
123            android:theme="@android:style/Theme.Translucent.NoTitleBar" />
123-->[:billing-5.2.1:] AndroidManifest.xml:31:13-72
124    </application>
125
126</manifest>